# Aout=xxxxx xxx xxx, Bout=xxxxx xxx xxx, Cout=xxxxx xxx xxx, Dout=xxxxx xxx xxx, Eout=xxxxx xxx xxx, Fout=xxxxx xxx xxx, Gout=xxxxx xxx xxx, Hout=xxxxx xxx xxx
# Aout=00000 001 000, Bout=xxxxx xxx xxx, Cout=xxxxx xxx xxx, Dout=xxxxx xxx xxx, Eout=xxxxx xxx xxx, Fout=xxxxx xxx xxx, Gout=xxxxx xxx xxx, Hout=xxxxx xxx xxx
# Aout=00000 001 000, Bout=00000 000 001, Cout=xxxxx xxx xxx, Dout=xxxxx xxx xxx, Eout=xxxxx xxx xxx, Fout=xxxxx xxx xxx, Gout=xxxxx xxx xxx, Hout=xxxxx xxx xxx
# Aout=00000 001 000, Bout=00000 000 001, Cout=00000 011 010, Dout=xxxxx xxx xxx, Eout=xxxxx xxx xxx, Fout=xxxxx xxx xxx, Gout=xxxxx xxx xxx, Hout=xxxxx xxx xxx
# Aout=00000 001 000, Bout=00000 000 001, Cout=00000 011 010, Dout=00000 010 011, Eout=xxxxx xxx xxx, Fout=xxxxx xxx xxx, Gout=xxxxx xxx xxx, Hout=xxxxx xxx xxx
# Aout=00000 010 000, Bout=00000 000 001, Cout=00000 011 010, Dout=00000 010 011, Eout=xxxxx xxx xxx, Fout=xxxxx xxx xxx, Gout=xxxxx xxx xxx, Hout=xxxxx xxx xxx
# Aout=00000 010 000, Bout=00000 000 001, Cout=00000 000 010, Dout=00000 010 011, Eout=xxxxx xxx xxx, Fout=xxxxx xxx xxx, Gout=xxxxx xxx xxx, Hout=xxxxx xxx xxx
# Aout=00000 011 000, Bout=00000 000 001, Cout=00000 000 010, Dout=00000 010 011, Eout=xxxxx xxx xxx, Fout=xxxxx xxx xxx, Gout=xxxxx xxx xxx, Hout=xxxxx xxx xxx
# Aout=00000 011 000, Bout=00000 000 001, Cout=00000 000 010, Dout=00000 010 011, Eout=00000 101 100, Fout=xxxxx xxx xxx, Gout=xxxxx xxx xxx, Hout=xxxxx xxx xxx
# Aout=00000 011 000, Bout=00000 000 001, Cout=00000 001 010, Dout=00000 010 011, Eout=00000 101 100, Fout=00000 100 101, Gout=xxxxx xxx xxx, Hout=xxxxx xxx xxx
# Aout=00000 011 000, Bout=00000 010 001, Cout=00000 001 010, Dout=00000 010 011, Eout=00000 101 100, Fout=00000 100 101, Gout=xxxxx xxx xxx, Hout=xxxxx xxx xxx
# Aout=00000 011 000, Bout=00000 010 001, Cout=00000 001 010, Dout=00000 000 011, Eout=00000 101 100, Fout=00000 100 101, Gout=xxxxx xxx xxx, Hout=xxxxx xxx xxx
# Aout=00000 011 000, Bout=00000 011 001, Cout=00000 001 010, Dout=00000 000 011, Eout=00000 101 100, Fout=00000 100 101, Gout=xxxxx xxx xxx, Hout=xxxxx xxx xxx
# Aout=00000 100 000, Bout=00000 011 001, Cout=00000 001 010, Dout=00000 000 011, Eout=00000 101 100, Fout=00000 100 101, Gout=xxxxx xxx xxx, Hout=xxxxx xxx xxx
# Aout=00000 100 000, Bout=00000 011 001, Cout=00000 001 010, Dout=00000 001 011, Eout=00000 101 100, Fout=00000 100 101, Gout=xxxxx xxx xxx, Hout=xxxxx xxx xxx
# Aout=00000 110 000, Bout=00000 011 001, Cout=00000 001 010, Dout=00000 001 011, Eout=00000 101 100, Fout=00000 100 101, Gout=xxxxx xxx xxx, Hout=xxxxx xxx xxx
# Aout=00000 101 000, Bout=00000 011 001, Cout=00000 001 010, Dout=00000 001 011, Eout=00000 101 100, Fout=00000 100 101, Gout=xxxxx xxx xxx, Hout=xxxxx xxx xxx
# Aout=00000 111 000, Bout=00000 011 001, Cout=00000 001 010, Dout=00000 001 011, Eout=00000 101 100, Fout=00000 100 101, Gout=xxxxx xxx xxx, Hout=xxxxx xxx xxx
# Aout=00000 111 000, Bout=00000 011 001, Cout=00000 001 010, Dout=00000 001 011, Eout=00000 010 100, Fout=00000 100 101, Gout=xxxxx xxx xxx, Hout=xxxxx xxx xxx
# Aout=00000 111 000, Bout=00000 100 001, Cout=00000 001 010, Dout=00000 001 011, Eout=00000 010 100, Fout=00000 100 101, Gout=xxxxx xxx xxx, Hout=xxxxx xxx xxx
# Aout=00000 111 000, Bout=00000 100 001, Cout=00000 001 010, Dout=00000 001 011, Eout=00000 000 100, Fout=00000 100 101, Gout=xxxxx xxx xxx, Hout=xxxxx xxx xxx
# Aout=00000 111 000, Bout=00000 110 001, Cout=00000 001 010, Dout=00000 001 011, Eout=00000 000 100, Fout=00000 100 101, Gout=xxxxx xxx xxx, Hout=xxxxx xxx xxx
# Aout=00000 111 000, Bout=00000 110 001, Cout=00000 001 010, Dout=00000 001 011, Eout=00000 011 100, Fout=00000 100 101, Gout=xxxxx xxx xxx, Hout=xxxxx xxx xxx
# Aout=00000 111 000, Bout=00000 110 001, Cout=00000 001 010, Dout=00000 001 011, Eout=00000 011 100, Fout=00000 100 101, Gout=00000 111 110, Hout=xxxxx xxx xxx
# Aout=00000 111 000, Bout=00000 101 001, Cout=00000 001 010, Dout=00000 001 011, Eout=00000 011 100, Fout=00000 100 101, Gout=00000 111 110, Hout=00000 110 111
# Aout=00000 111 000, Bout=00000 101 001, Cout=00000 001 010, Dout=00000 001 011, Eout=00000 001 100, Fout=00000 100 101, Gout=00000 111 110, Hout=00000 110 111
# Aout=00000 111 000, Bout=00000 111 001, Cout=00000 001 010, Dout=00000 001 011, Eout=00000 001 100, Fout=00000 100 101, Gout=00000 111 110, Hout=00000 110 111
# Aout=00000 111 000, Bout=00000 111 001, Cout=00000 001 010, Dout=00000 001 011, Eout=00000 001 100, Fout=00000 010 101, Gout=00000 111 110, Hout=00000 110 111
# Aout=00000 111 000, Bout=00000 111 001, Cout=00000 001 010, Dout=00000 001 011, Eout=00000 001 100, Fout=00000 010 101, Gout=00000 100 110, Hout=00000 110 111
# Aout=00000 111 000, Bout=00000 111 001, Cout=00000 100 010, Dout=00000 001 011, Eout=00000 001 100, Fout=00000 010 101, Gout=00000 100 110, Hout=00000 110 111
# Aout=00000 111 000, Bout=00000 111 001, Cout=00000 100 010, Dout=00000 001 011, Eout=00000 001 100, Fout=00000 000 101, Gout=00000 100 110, Hout=00000 110 111
# Aout=00000 111 000, Bout=00000 111 001, Cout=00000 100 010, Dout=00000 001 011, Eout=00000 110 100, Fout=00000 000 101, Gout=00000 101 110, Hout=00000 110 111
# Aout=00000 111 000, Bout=00000 111 001, Cout=00000 110 010, Dout=00000 001 011, Eout=00000 110 100, Fout=00000 000 101, Gout=00000 101 110, Hout=00000 110 111
# Aout=00000 111 000, Bout=00000 111 001, Cout=00000 110 010, Dout=00000 001 011, Eout=00000 110 100, Fout=00000 011 101, Gout=00000 101 110, Hout=00000 110 111
# Aout=00000 111 000, Bout=00000 111 001, Cout=00000 110 010, Dout=00000 001 011, Eout=00000 111 100, Fout=00000 011 101, Gout=00000 101 110, Hout=00000 100 111
# Aout=00000 111 000, Bout=00000 111 001, Cout=00000 101 010, Dout=00000 001 011, Eout=00000 111 100, Fout=00000 011 101, Gout=00000 101 110, Hout=00000 100 111
# Aout=00000 111 000, Bout=00000 111 001, Cout=00000 101 010, Dout=00000 001 011, Eout=00000 111 100, Fout=00000 001 101, Gout=00000 101 110, Hout=00000 100 111
# Aout=00000 111 000, Bout=00000 111 001, Cout=00000 101 010, Dout=00000 001 011, Eout=00000 111 100, Fout=00000 001 101, Gout=00000 101 110, Hout=00000 101 111
# Aout=00000 111 000, Bout=00000 111 001, Cout=00000 111 010, Dout=00000 001 011, Eout=00000 111 100, Fout=00000 001 101, Gout=00000 101 110, Hout=00000 101 111
# Aout=00000 111 000, Bout=00000 111 001, Cout=00000 111 010, Dout=00000 001 011, Eout=00000 111 100, Fout=00000 110 101, Gout=00000 010 110, Hout=00000 101 111
# Aout=00000 111 000, Bout=00000 111 001, Cout=00000 111 010, Dout=00000 100 011, Eout=00000 111 100, Fout=00000 110 101, Gout=00000 010 110, Hout=00000 101 111
# Aout=00000 111 000, Bout=00000 111 001, Cout=00000 111 010, Dout=00000 100 011, Eout=00000 111 100, Fout=00000 111 101, Gout=00000 000 110, Hout=00000 101 111
# Aout=00000 111 000, Bout=00000 111 001, Cout=00000 111 010, Dout=00000 110 011, Eout=00000 111 100, Fout=00000 111 101, Gout=00000 000 110, Hout=00000 101 111
# Aout=00000 111 000, Bout=00000 111 001, Cout=00000 111 010, Dout=00000 110 011, Eout=00000 111 100, Fout=00000 111 101, Gout=00000 011 110, Hout=00000 101 111
# Aout=00000 111 000, Bout=00000 111 001, Cout=00000 111 010, Dout=00000 101 011, Eout=00000 111 100, Fout=00000 111 101, Gout=00000 011 110, Hout=00000 101 111
# Aout=00000 111 000, Bout=00000 111 001, Cout=00000 111 010, Dout=00000 101 011, Eout=00000 111 100, Fout=00000 111 101, Gout=00000 001 110, Hout=00000 101 111
# Aout=00000 111 000, Bout=00000 111 001, Cout=00000 111 010, Dout=00000 111 011, Eout=00000 111 100, Fout=00000 111 101, Gout=00000 001 110, Hout=00000 101 111
# Aout=00000 111 000, Bout=00000 111 001, Cout=00000 111 010, Dout=00000 111 011, Eout=00000 111 100, Fout=00000 111 101, Gout=00000 001 110, Hout=00000 010 111
# Aout=00000 111 000, Bout=00000 111 001, Cout=00000 111 010, Dout=00000 111 011, Eout=00000 111 100, Fout=00000 111 101, Gout=00000 001 110, Hout=00000 000 111
# Aout=00000 111 000, Bout=00000 111 001, Cout=00000 111 010, Dout=00000 111 011, Eout=00000 111 100, Fout=00000 111 101, Gout=00000 001 110, Hout=00000 011 111
# Aout=00000 111 000, Bout=00000 111 001, Cout=00000 111 010, Dout=00000 111 011, Eout=00000 111 100, Fout=00000 111 101, Gout=00000 001 110, Hout=00000 001 111