//all to all
# Aout=xxxxxxxxx, Bout=xxxxxxxxx, Cout=xxxxxxxxx, Dout=xxxxxxxxx, Eout=xxxxxxxxx, Fout=xxxxxxxxx, Gout=xxxxxxxxx, Hout=xxxxxxxxx
# Aout=000000000, Bout=xxxxxxxxx, Cout=xxxxxxxxx, Dout=xxxxxxxxx, Eout=xxxxxxxxx, Fout=xxxxxxxxx, Gout=xxxxxxxxx, Hout=xxxxxxxxx
# Aout=000000000, Bout=000000000, Cout=xxxxxxxxx, Dout=xxxxxxxxx, Eout=xxxxxxxxx, Fout=xxxxxxxxx, Gout=xxxxxxxxx, Hout=xxxxxxxxx
# Aout=000000001, Bout=000000000, Cout=xxxxxxxxx, Dout=xxxxxxxxx, Eout=xxxxxxxxx, Fout=xxxxxxxxx, Gout=xxxxxxxxx, Hout=xxxxxxxxx
# Aout=000000010, Bout=000000000, Cout=xxxxxxxxx, Dout=xxxxxxxxx, Eout=xxxxxxxxx, Fout=xxxxxxxxx, Gout=xxxxxxxxx, Hout=xxxxxxxxx
# Aout=000000010, Bout=000000001, Cout=000000010, Dout=xxxxxxxxx, Eout=xxxxxxxxx, Fout=xxxxxxxxx, Gout=xxxxxxxxx, Hout=xxxxxxxxx
# Aout=000000010, Bout=000000010, Cout=000000010, Dout=xxxxxxxxx, Eout=xxxxxxxxx, Fout=xxxxxxxxx, Gout=xxxxxxxxx, Hout=xxxxxxxxx
# Aout=000000011, Bout=000000010, Cout=000000010, Dout=xxxxxxxxx, Eout=xxxxxxxxx, Fout=xxxxxxxxx, Gout=xxxxxxxxx, Hout=xxxxxxxxx
# Aout=000000011, Bout=000000010, Cout=110000000, Dout=xxxxxxxxx, Eout=xxxxxxxxx, Fout=xxxxxxxxx, Gout=xxxxxxxxx, Hout=xxxxxxxxx
# Aout=000000101, Bout=000000010, Cout=110000000, Dout=xxxxxxxxx, Eout=xxxxxxxxx, Fout=xxxxxxxxx, Gout=xxxxxxxxx, Hout=xxxxxxxxx
# Aout=000000101, Bout=000000010, Cout=110000000, Dout=000000010, Eout=xxxxxxxxx, Fout=xxxxxxxxx, Gout=xxxxxxxxx, Hout=xxxxxxxxx
# Aout=000000101, Bout=000000010, Cout=110000001, Dout=000000010, Eout=xxxxxxxxx, Fout=xxxxxxxxx, Gout=xxxxxxxxx, Hout=xxxxxxxxx
# Aout=000000100, Bout=000000010, Cout=110000001, Dout=000000010, Eout=xxxxxxxxx, Fout=xxxxxxxxx, Gout=xxxxxxxxx, Hout=xxxxxxxxx
# Aout=000000110, Bout=000000010, Cout=110000001, Dout=000000010, Eout=xxxxxxxxx, Fout=xxxxxxxxx, Gout=xxxxxxxxx, Hout=xxxxxxxxx
# Aout=000000110, Bout=000000010, Cout=110000001, Dout=110000000, Eout=xxxxxxxxx, Fout=xxxxxxxxx, Gout=xxxxxxxxx, Hout=xxxxxxxxx
# Aout=000000110, Bout=000000011, Cout=110000001, Dout=110000000, Eout=xxxxxxxxx, Fout=xxxxxxxxx, Gout=xxxxxxxxx, Hout=xxxxxxxxx
# Aout=000000110, Bout=000000011, Cout=110000001, Dout=110000001, Eout=xxxxxxxxx, Fout=xxxxxxxxx, Gout=xxxxxxxxx, Hout=xxxxxxxxx
# Aout=000000110, Bout=000000011, Cout=110000001, Dout=110000001, Eout=000000100, Fout=xxxxxxxxx, Gout=xxxxxxxxx, Hout=xxxxxxxxx
# Aout=000000110, Bout=000000101, Cout=110000001, Dout=110000001, Eout=000000100, Fout=xxxxxxxxx, Gout=xxxxxxxxx, Hout=xxxxxxxxx
# Aout=000000110, Bout=000000100, Cout=110000001, Dout=110000001, Eout=000000100, Fout=xxxxxxxxx, Gout=xxxxxxxxx, Hout=xxxxxxxxx
# Aout=000000110, Bout=000000110, Cout=110000001, Dout=110000001, Eout=000000100, Fout=xxxxxxxxx, Gout=xxxxxxxxx, Hout=xxxxxxxxx
# Aout=000000110, Bout=000000110, Cout=000000011, Dout=110000001, Eout=000000100, Fout=000000100, Gout=xxxxxxxxx, Hout=xxxxxxxxx
# Aout=000000110, Bout=000000110, Cout=000000101, Dout=110000001, Eout=000000100, Fout=000000100, Gout=xxxxxxxxx, Hout=xxxxxxxxx
# Aout=000000110, Bout=000000110, Cout=000000101, Dout=110000001, Eout=000000101, Fout=000000100, Gout=xxxxxxxxx, Hout=xxxxxxxxx
# Aout=000000110, Bout=000000110, Cout=000000100, Dout=110000001, Eout=000000101, Fout=000000100, Gout=xxxxxxxxx, Hout=xxxxxxxxx
# Aout=000000110, Bout=000000110, Cout=000000100, Dout=110000001, Eout=000000000, Fout=000000100, Gout=xxxxxxxxx, Hout=xxxxxxxxx
# Aout=000000110, Bout=000000110, Cout=000000110, Dout=110000001, Eout=000000000, Fout=000000100, Gout=xxxxxxxxx, Hout=xxxxxxxxx
# Aout=000000110, Bout=000000110, Cout=000000110, Dout=110000001, Eout=000000000, Fout=000000100, Gout=000000110, Hout=xxxxxxxxx
# Aout=000000110, Bout=000000110, Cout=000000110, Dout=110000001, Eout=000000110, Fout=000000100, Gout=000000110, Hout=xxxxxxxxx
# Aout=000000110, Bout=000000110, Cout=000000110, Dout=000000011, Eout=000000110, Fout=000000100, Gout=000000110, Hout=xxxxxxxxx
# Aout=000000110, Bout=000000110, Cout=000000110, Dout=000000011, Eout=000000010, Fout=000000100, Gout=000000110, Hout=xxxxxxxxx
# Aout=000000110, Bout=000000110, Cout=000000110, Dout=000000101, Eout=000000010, Fout=000000100, Gout=000000110, Hout=xxxxxxxxx
# Aout=000000110, Bout=000000110, Cout=000000110, Dout=000000101, Eout=000000010, Fout=000000101, Gout=000000110, Hout=xxxxxxxxx
# Aout=000000110, Bout=000000110, Cout=000000110, Dout=000000101, Eout=000000001, Fout=000000101, Gout=000000110, Hout=xxxxxxxxx
# Aout=000000110, Bout=000000110, Cout=000000110, Dout=000000100, Eout=000000001, Fout=000000101, Gout=000000100, Hout=xxxxxxxxx
# Aout=000000110, Bout=000000110, Cout=000000110, Dout=000000100, Eout=000000001, Fout=000000110, Gout=000000100, Hout=000000110
# Aout=000000110, Bout=000000110, Cout=000000110, Dout=000000110, Eout=000000011, Fout=000000110, Gout=000000101, Hout=000000110
# Aout=000000110, Bout=000000110, Cout=000000110, Dout=000000110, Eout=000000011, Fout=000000000, Gout=000000101, Hout=000000110
# Aout=000000110, Bout=000000110, Cout=000000110, Dout=000000110, Eout=000000011, Fout=000000000, Gout=000000101, Hout=000000100
# Aout=000000110, Bout=000000110, Cout=000000110, Dout=000000110, Eout=000000011, Fout=000000010, Gout=000000101, Hout=000000100
# Aout=000000110, Bout=000000110, Cout=000000110, Dout=000000110, Eout=000000011, Fout=000000010, Gout=000000101, Hout=000000101
# Aout=000000110, Bout=000000110, Cout=000000110, Dout=000000110, Eout=000000011, Fout=000000001, Gout=000000101, Hout=000000101
# Aout=000000110, Bout=000000110, Cout=000000110, Dout=000000110, Eout=000000011, Fout=000000011, Gout=000000101, Hout=000000101
# Aout=000000110, Bout=000000110, Cout=000000110, Dout=000000110, Eout=000000011, Fout=000000011, Gout=000000000, Hout=000000101
# Aout=000000110, Bout=000000110, Cout=000000110, Dout=000000110, Eout=000000011, Fout=000000011, Gout=000000010, Hout=000000101
# Aout=000000110, Bout=000000110, Cout=000000110, Dout=000000110, Eout=000000011, Fout=000000011, Gout=000000001, Hout=000000101
# Aout=000000110, Bout=000000110, Cout=000000110, Dout=000000110, Eout=000000011, Fout=000000011, Gout=000000011, Hout=000000101
# Aout=000000110, Bout=000000110, Cout=000000110, Dout=000000110, Eout=000000011, Fout=000000011, Gout=000000011, Hout=000000000
# Aout=000000110, Bout=000000110, Cout=000000110, Dout=000000110, Eout=000000011, Fout=000000011, Gout=000000011, Hout=000000010
# Aout=000000110, Bout=000000110, Cout=000000110, Dout=000000110, Eout=000000011, Fout=000000011, Gout=000000011, Hout=000000001
# Aout=000000110, Bout=000000110, Cout=000000110, Dout=000000110, Eout=000000011, Fout=000000011, Gout=000000011, Hout=000000011

